-------------------------------------------------------------------------------
Test set: com.example.Liga.SpringApplicationTests
-------------------------------------------------------------------------------
Tests run: 1, Failures: 0, Errors: 1, Skipped: 0, Time elapsed: 0.157 s <<< FAILURE! - in com.example.Liga.SpringApplicationTests
com.example.Liga.SpringApplicationTests  Time elapsed: 0.157 s  <<< ERROR!
java.lang.IllegalStateException: Unable to find a @SpringBootConfiguration, you need to use @ContextConfiguration or @SpringBootTest(classes=...) with your test

