-------------------------------------------------------------------------------
Test set: com.example.hello_spring.HelloSpringApplicationTests
-------------------------------------------------------------------------------
Tests run: 1, Failures: 0, Errors: 1, Skipped: 0, Time elapsed: 0.187 s <<< FAILURE! - in com.example.hello_spring.HelloSpringApplicationTests
com.example.hello_spring.HelloSpringApplicationTests  Time elapsed: 0.187 s  <<< ERROR!
java.lang.IllegalStateException: Unable to find a @SpringBootConfiguration, you need to use @ContextConfiguration or @SpringBootTest(classes=...) with your test

